21/06/1999 - professor - inclusao - asdfasdf - asdfasdf - 3 - asdfasdf21/06/1999 - professor - inclusao - teste - teste - 2 - teste@conectiva.com.br21/06/1999 - professor - inclusao - teste1 - teste1 - 4 - teste1@conectiva.com.br
21/06/1999 - professor - inclusao - teste3 - teste3 - 1 - teste3@conectiva.com.br
21/06/1999 - professor - inclusao - teste4 - teste4 - 3 - teste4@conectiva.com.br
21/06/1999 - professor - inclusao - teste5 - teste5 - 4 - teste4@conectiva.com.br
22/06/1999 - professor - inclusao - Fábio Dorival Victorelli - fabio - 1 - fabio@conectiva.com.br
22/06/1999 - professor - inclusao - teste - teste - 2 - fabio@conectiva.com.br
22/06/1999 - professor - inclusao - Eduardo  - eduardo - 2 - fabio@conectiva.com.br
22/06/1999 - professor - inclusao - teste - teste - 1 - testte@teste.com.br
22/06/1999 - professor - inclusao - Hipólito Kaminski - hipolito - 3 - hiplotio@cefetpr.br
22/06/1999 - professor - inclusao - Celso Penteado - celso - 4 - celso@cefetpr.br
22/06/1999 - professor - inclusao - teste - teste - 1 - teste
22/06/1999 - professor - inclusao - teste1 - teste1 - 1 - teste1
24/06/1999 - professor - inclusao - test - test - 1 - test
24/06/1999 - professor - inclusao - test - test - 1 - test
24/06/1999 - professor - inclusao - test - test - 1 - test
24/06/1999 - professor - inclusao - test - test - 1 - test
24/06/1999 - professor - inclusao - test - test - 1 - test
24/06/1999 - professor - inclusao - joão de souza - joao - 1 - joao@conectiva.com.br
24/06/1999 - professor - inclusao - joão de souza pinto - joao - 1 - joao@conectiva.com.br
24/06/1999 - professor - inclusao - joão de souza pinto ze - joao1 - 1 - joao@conectiva.com.br
24/06/1999 - professor - inclusao - joão de souza pin - joao1 - 1 - joao@conectiva.com.br
24/06/1999 - professor - inclusao - joão de souza pin - joao1 - 1 - joao@conectiva.com.br
24/06/1999 - professor - inclusao - joão de souza pin - joao1 - 1 - joao@conectiva.com.br
24/06/1999 - professor - inclusao - joão de souza pin - joao1 - 1 - joao@conectiva.com.br
24/06/1999 - professor - inclusao - joão de souza pin - joao1 - 1 - joao@conectiva.com.br
24/06/1999 - professor - inclusao - joão de souza pin - joao1 - 1 - joao@conectiva.com.br
24/06/1999 - professor - inclusao - joão de souza pin - joao1 - 1 - joao@conectiva.com.br
24/06/1999 - professor - inclusao - joão de souza pin - joao1 - 1 - joao@conectiva.com.br
24/06/1999 - professor - inclusao - joao de souza 2 - jjj - 1 - jjj
24/06/1999 - professor - inclusao - joao de souza 22 - jjj2 - 1 - jjj
24/06/1999 - professor - inclusao - joao de souza1 - jjj21 - 1 - jjj
24/06/1999 - professor - inclusao - joao de souza11 - jjj211 - 1 - jjj1
24/06/1999 - professor - inclusao - teste - teste - 1 - teste
24/06/1999 - professor - inclusao - teste1 - teste1 - 1 - teste1
24/06/1999 - professor - inclusao - teste1 dd - teste1d - 1 - teste1
25/06/1999 - professor - inclusao - test - asdf - 1 - asdf
25/06/1999 - professor - inclusao - test - asdfa - 1 - asdf
25/06/1999 - professor - inclusao - test - sss - 1 - asdf
25/06/1999 - professor - inclusao - teste - asdsda - 1 - asdf
25/06/1999 - professor - inclusao - teste de deys - asdsdaa - 1 - asdf
25/06/1999 - professor - inclusao - teste de deys - asdsddsd - 1 - asdf
25/06/1999 - professor - inclusao - teste de deys1 - asdsd11 - 1 - asdf
26/06/1999 - professor - inclusao - teste - teste - 1 - teste
26/06/1999 - professor - inclusao - test - test - 1 - test
26/06/1999 - professor - inclusao - teste de 26.06.1998 - test26 - 1 - test
26/06/1999 - professor - inclusao - teste de 26.06.1999 - test269 - 1 - test
26/06/1999 - professor - inclusao - teste de 26 - tes26 - 1 - test
26/06/1999 - professor - inclusao - teste de 261 - tes261 - 1 - test
26/06/1999 - professor - inclusao - Eduarno Nissembaum - teste - 1 - baum@cpgei.cefetpr.br
26/06/1999 - professor - inclusao - teste - teste1 - 2 - teste
26/06/1999 - professor - inclusao - teste - phD - teste - 1 - teste@conectiva.com.br
26/06/1999 - professor - inclusao - teste                                    - teste                                    - teste    - 3 - fabio@conectiva.com.br
26/06/1999 - professor - inclusao - Eduardo nissembau                        - phd                                      - eduardo  - 2 - baum@cpgei.cefetpr.br
29/06/1999 - professor - inclusao - teste - phd - teste - 1 - teste@cianorte.com.br
29/06/1999 - professor - inclusao - teste - teste - teste - 1 - teste
30/06/1999 - professor - inclusao - teste - phd - teste - 1 - teste@conectiva.com.br
30/06/1999 - professor - inclusao - teste1 - teste1 - teste1 - 1 - teste1
